[2021-02-10T12:21:23.019309+00:00] kimotho.INFO: {"email":"samk@gmail.com","id":"31"} [] []
[2021-02-10T12:21:23.026052+00:00] kimotho.INFO: {"user":{"name":"sammm","email":"samk@gmail.com","mobile":"0735355466"},"books":[{"book_title":"BuiBui Na Fisi","book_price":"2000","invoice_number":"34725427645723645"}]} [] []
[2021-02-10T12:21:50.547780+00:00] kimotho.INFO: {"email":"samk@gmail.com","id":"31"} [] []
[2021-02-10T12:21:50.551579+00:00] kimotho.INFO: {"user":{"name":"sammm","email":"samk@gmail.com","mobile":"0735355466"},"books":[{"book_title":"BuiBui Na Fisi","book_price":"2000","invoice_number":"34725427645723645"}]} [] []
[2021-02-10T12:32:15.144841+00:00] kimotho.INFO: {"email":"samk@gmail.com","id":"31"} [] []
[2021-02-10T12:32:15.149119+00:00] kimotho.INFO: {"user":{"name":"sammm","email":"samk@gmail.com","mobile":"0735355466"},"books":[{"book_title":"BuiBui Na Fisi","book_price":"2000","book_image":"buibui_na_fisi.jpg","invoice_number":"34725427645723645"}]} [] []
[2021-02-10T12:32:26.097747+00:00] kimotho.INFO: {"email":"samk@gmail.com","id":"31"} [] []
[2021-02-10T12:32:26.102665+00:00] kimotho.INFO: {"user":{"name":"sammm","email":"samk@gmail.com","mobile":"0735355466"},"books":[{"book_title":"BuiBui Na Fisi","book_price":"2000","book_image":"buibui_na_fisi.jpg","invoice_number":"34725427645723645"}]} [] []
[2021-02-10T12:35:58.884031+00:00] kimotho.INFO: {"email":"samk@gmail.com","id":"31"} [] []
[2021-02-10T12:35:58.888557+00:00] kimotho.INFO: {"user":{"name":"sammm","email":"samk@gmail.com","mobile":"0735355466"},"books":[{"book_title":"BuiBui Na Fisi","book_price":"2000","book_image":"buibui_na_fisi.jpg","invoice_number":"34725427645723645"}]} [] []
[2021-02-10T12:36:26.153601+00:00] kimotho.INFO: {"email":"samk@gmail.com","id":"31"} [] []
[2021-02-10T12:36:26.159136+00:00] kimotho.INFO: {"user":{"name":"sammm","email":"samk@gmail.com","mobile":"0735355466"},"books":[{"book_title":"BuiBui Na Fisi","book_price":"2000","book_image":"buibui_na_fisi.jpg","invoice_number":"34725427645723645"}]} [] []
[2021-02-10T12:36:46.920785+00:00] kimotho.INFO: {"email":"samk@gmail.com","id":"31"} [] []
[2021-02-10T12:36:46.925151+00:00] kimotho.INFO: {"user":{"name":"sammm","email":"samk@gmail.com","mobile":"0735355466"},"books":[{"book_title":"BuiBui Na Fisi","book_price":"2000","book_image":"buibui_na_fisi.jpg","invoice_number":"34725427645723645"}]} [] []
[2021-02-10T12:36:50.222154+00:00] kimotho.INFO: {"email":"samk@gmail.com","id":"31"} [] []
[2021-02-10T12:36:50.226061+00:00] kimotho.INFO: {"user":{"name":"sammm","email":"samk@gmail.com","mobile":"0735355466"},"books":[{"book_title":"BuiBui Na Fisi","book_price":"2000","book_image":"buibui_na_fisi.jpg","invoice_number":"34725427645723645"}]} [] []
[2021-02-10T12:37:18.099956+00:00] kimotho.INFO: {"email":"samk@gmail.com","id":"31"} [] []
[2021-02-10T12:37:18.104301+00:00] kimotho.INFO: {"user":{"name":"sammm","email":"samk@gmail.com","mobile":"0735355466"},"books":[{"book_title":"BuiBui Na Fisi","book_price":"2000","book_image":"buibui_na_fisi.jpg","invoice_number":"34725427645723645"}]} [] []
[2021-02-10T12:37:54.578348+00:00] kimotho.INFO: {"email":"samk@gmail.com","id":"31"} [] []
[2021-02-10T12:37:54.580503+00:00] kimotho.INFO: {"user":{"name":"sammm","email":"samk@gmail.com","mobile":"0735355466"},"books":[{"book_title":"BuiBui Na Fisi","book_price":"2000","book_image":"buibui_na_fisi.jpg","invoice_number":"34725427645723645"}]} [] []
[2021-02-10T12:38:03.298498+00:00] kimotho.INFO: {"email":"samk@gmail.com","id":"31"} [] []
[2021-02-10T12:38:03.302560+00:00] kimotho.INFO: {"user":{"name":"sammm","email":"samk@gmail.com","mobile":"0735355466"},"books":[{"book_title":"BuiBui Na Fisi","book_price":"2000","book_image":"buibui_na_fisi.jpg","invoice_number":"34725427645723645"}]} [] []
[2021-02-10T12:39:09.517438+00:00] kimotho.INFO: {"email":"samk@gmail.com","id":"31"} [] []
[2021-02-10T12:39:09.520469+00:00] kimotho.INFO: {"user":{"name":"sammm","email":"samk@gmail.com","mobile":"0735355466"},"books":[{"book_title":"BuiBui Na Fisi","book_price":"2000","book_image":"buibui_na_fisi.jpg","invoice_number":"34725427645723645"}]} [] []
[2021-02-10T12:39:34.546530+00:00] kimotho.INFO: {"email":"samk@gmail.com","id":"31"} [] []
[2021-02-10T12:39:34.552042+00:00] kimotho.INFO: {"user":{"name":"sammm","email":"samk@gmail.com","mobile":"0735355466"},"books":[{"book_title":"BuiBui Na Fisi","book_price":"2000","book_image":"buibui_na_fisi.jpg","invoice_number":"34725427645723645"}]} [] []
[2021-02-10T12:39:38.013920+00:00] kimotho.INFO: {"email":"samk@gmail.com","id":"31"} [] []
[2021-02-10T12:39:38.016926+00:00] kimotho.INFO: {"user":{"name":"sammm","email":"samk@gmail.com","mobile":"0735355466"},"books":[{"book_title":"BuiBui Na Fisi","book_price":"2000","book_image":"buibui_na_fisi.jpg","invoice_number":"34725427645723645"}]} [] []
[2021-02-10T12:39:56.398383+00:00] kimotho.INFO: {"email":"samk@gmail.com","id":"31"} [] []
[2021-02-10T12:39:56.402694+00:00] kimotho.INFO: {"user":{"name":"sammm","email":"samk@gmail.com","mobile":"0735355466"},"books":[{"book_title":"BuiBui Na Fisi","book_price":"2000","book_image":"buibui_na_fisi.jpg","invoice_number":"34725427645723645"}]} [] []
[2021-02-10T12:40:20.243120+00:00] kimotho.INFO: {"email":"samk@gmail.com","id":"31"} [] []
[2021-02-10T12:40:20.247005+00:00] kimotho.INFO: {"user":{"name":"sammm","email":"samk@gmail.com","mobile":"0735355466"},"books":[{"book_title":"BuiBui Na Fisi","book_price":"2000","book_image":"buibui_na_fisi.jpg","invoice_number":"34725427645723645"}]} [] []
[2021-02-10T12:40:51.454115+00:00] kimotho.INFO: {"email":"samk@gmail.com","id":"31"} [] []
[2021-02-10T12:40:51.462207+00:00] kimotho.INFO: {"user":{"name":"sammm","email":"samk@gmail.com","mobile":"0735355466"},"books":[]} [] []
[2021-02-10T12:41:06.829920+00:00] kimotho.INFO: {"email":"samk@gmail.com","id":"31"} [] []
[2021-02-10T12:41:06.835543+00:00] kimotho.INFO: {"user":{"name":"sammm","email":"samk@gmail.com","mobile":"0735355466"},"books":[]} [] []
[2021-02-10T12:43:54.807987+00:00] kimotho.INFO: {"email":"samk@gmail.com","id":"31"} [] []
[2021-02-10T12:43:54.815725+00:00] kimotho.INFO: {"user":{"name":"sammm","email":"samk@gmail.com","mobile":"0735355466"},"books":[]} [] []
[2021-02-10T12:44:25.151600+00:00] kimotho.INFO: {"email":"samk@gmail.com","id":"31"} [] []
[2021-02-10T12:44:25.156065+00:00] kimotho.INFO: {"user":{"name":"sammm","email":"samk@gmail.com","mobile":"0735355466"},"books":[{"book_title":"Ndovu na Sungura","book_price":"3000","book_image":"Ndovu_na_Sungura.jpg","invoice_number":"skdkjashfdkjsad"}]} [] []
[2021-02-10T12:44:34.423940+00:00] kimotho.INFO: {"email":"samk@gmail.com","id":"31"} [] []
[2021-02-10T12:44:34.428760+00:00] kimotho.INFO: {"user":{"name":"sammm","email":"samk@gmail.com","mobile":"0735355466"},"books":[{"book_title":"Ndovu na Sungura","book_price":"3000","book_image":"Ndovu_na_Sungura.jpg","invoice_number":"skdkjashfdkjsad"}]} [] []
[2021-02-10T12:45:17.905278+00:00] kimotho.INFO: {"email":"samk@gmail.com","id":"31"} [] []
[2021-02-10T12:45:17.910384+00:00] kimotho.INFO: {"user":{"name":"sammm","email":"samk@gmail.com","mobile":"0735355466"},"books":[{"book_title":"Ndovu na Sungura","book_price":"3000","book_image":"Ndovu_na_Sungura.jpg","invoice_number":"skdkjashfdkjsad"}]} [] []
[2021-02-21 18:48:45] samuel.INFO:  [] []
[2021-02-21 19:20:57] kimotho.INFO: {"email":"samk@gmail.com","id":"31","mobile":"0735355466"} [] []
[2021-02-21 19:20:57] kimotho.INFO: {"user":{"name":"sammm","email":"samk@gmail.com","mobile":"0735355466"},"books":[]} [] []
[2021-02-21 19:21:34] kimotho.INFO: {"email":"samk@gmail.com","id":"31","mobile":"0735355466"} [] []
[2021-02-21 19:21:34] kimotho.INFO: {"user":{"name":"sammm","email":"samk@gmail.com","mobile":"0735355466"},"books":[]} [] []
[2021-02-21 19:21:40] kimotho.INFO: {"email":"samk@gmail.com","id":"31","mobile":"0735355466"} [] []
[2021-02-21 19:21:40] kimotho.INFO: {"user":{"name":"sammm","email":"samk@gmail.com","mobile":"0735355466"},"books":[]} [] []
[2021-02-21 19:21:55] kimotho.INFO: {"email":"samk@gmail.com","id":"31","mobile":"0735355466"} [] []
[2021-02-21 19:21:55] kimotho.INFO: {"user":{"name":"sammm","email":"samk@gmail.com","mobile":"0735355466"},"books":[]} [] []
[2021-02-21 19:21:59] kimotho.INFO: {"email":"samk@gmail.com","id":"31","mobile":"0735355466"} [] []
[2021-02-21 19:22:00] kimotho.INFO: {"user":{"name":"sammm","email":"samk@gmail.com","mobile":"0735355466"},"books":[]} [] []
[2021-02-21 19:22:44] kimotho.INFO: {"email":"samk@gmail.com","id":"31","mobile":"0735355466"} [] []
[2021-02-21 19:22:44] kimotho.INFO: {"user":{"name":"sammm","email":"samk@gmail.com","mobile":"0735355466"},"books":[]} [] []
[2021-02-21 19:23:31] kimotho.INFO: {"email":"samk@gmail.com","id":"31","mobile":"0735355466"} [] []
[2021-02-21 19:23:31] kimotho.INFO: {"user":{"name":"sammm","email":"samk@gmail.com","mobile":"0735355466"},"books":[]} [] []
[2021-02-22 08:43:28] kimotho.INFO: {"email":"samk@gmail.com","id":"31","mobile":"0735355466"} [] []
[2021-02-22 08:43:28] kimotho.INFO: {"user":{"name":"sammm","email":"samk@gmail.com","mobile":"0735355466"},"books":[]} [] []
[2021-02-22 13:51:19] kimotho.INFO: {"email":"samk@gmail.com","id":"31","mobile":"0735355466"} [] []
[2021-02-22 13:51:19] kimotho.INFO: {"user":{"name":"sammm","email":"samk@gmail.com","mobile":"0735355466"},"books":[]} [] []
[2021-02-22 13:52:02] kimotho.INFO: {"email":"samk@gmail.com","id":"31","mobile":"0735355466"} [] []
[2021-02-22 13:52:02] kimotho.INFO: {"user":{"name":"sammm","email":"samk@gmail.com","mobile":"0735355466"},"books":[]} [] []
[2021-02-23 12:46:39] kimotho.INFO: {"email":"samk@gmail.com","id":"31","mobile":"0735355466"} [] []
[2021-02-23 12:46:40] kimotho.INFO: {"user":{"name":"sammm","email":"samk@gmail.com","mobile":"0735355466"},"books":[]} [] []
[2021-02-23 13:13:47] kimotho.INFO: {"email":"samk1@gmail.com","id":"32","mobile":"0735355456"} [] []
[2021-02-23 13:13:47] kimotho.INFO: {"user":{"name":"sammm2","email":"samk1@gmail.com","mobile":"0735355456"},"books":[{"book_title":"BuiBui Na Fisi","book_price":"200","book_image":"buibui_na_fisi.jpg","invoice_number":"34725427645723645"}]} [] []
[2021-02-23 13:15:58] kimotho.INFO: {"email":"sam450@gmail.com","id":"35","mobile":"0722868645"} [] []
[2021-02-23 13:15:58] kimotho.INFO: {"user":{"name":"samuel","email":"sam450@gmail.com","mobile":"0722868645"},"books":[]} [] []
[2021-02-23 14:11:21] kimotho.INFO: {"email":"samk@gmail.com","id":"31","mobile":"0735355466"} [] []
[2021-02-23 14:11:22] kimotho.INFO: {"user":{"name":"sammm","email":"samk@gmail.com","mobile":"0735355466"},"books":[]} [] []
[2021-02-23 14:12:51] kimotho.INFO: {"email":"samk@gmail.com","id":"31","mobile":"0735355466"} [] []
[2021-02-23 14:12:51] kimotho.INFO: {"user":{"name":"sammm","email":"samk@gmail.com","mobile":"0735355466"},"books":[]} [] []
[2021-02-23 14:14:12] kimotho.INFO: {"email":"samk@gmail.com","id":"31","mobile":"0735355466"} [] []
[2021-02-23 14:14:12] kimotho.INFO: {"user":{"name":"sammm","email":"samk@gmail.com","mobile":"0735355466"},"books":[]} [] []
[2021-02-23 14:14:30] kimotho.INFO: {"email":"samk@gmail.com","id":"31","mobile":"0735355466"} [] []
[2021-02-23 14:14:30] kimotho.INFO: {"user":{"name":"sammm","email":"samk@gmail.com","mobile":"0735355466"},"books":[]} [] []
[2021-02-24 11:51:31] kimotho.INFO: {"email":"samk@gmail.com","id":"31","mobile":"0735355466"} [] []
[2021-02-24 11:51:33] kimotho.INFO: {"user":{"name":"sammm","email":"samk@gmail.com","mobile":"0735355466"},"books":[]} [] []
