[2021-03-02 13:45:25] name.INFO: Array [] []
[2021-03-02 13:45:29] name.INFO: Array [] []
[2021-03-02 13:45:30] name.INFO: Array [] []
[2021-03-02 13:46:00] name.INFO: {"email":"samk@gmail.com","id":"31","mobile":"0735355466"} [] []
[2021-03-02 13:46:03] name.INFO: {"email":"samk@gmail.com","id":"31","mobile":"0735355466"} [] []
[2021-03-02 13:46:03] name.INFO: {"email":"samk@gmail.com","id":"31","mobile":"0735355466"} [] []
[2021-03-02 13:47:21] name.INFO: null [] []
[2021-03-02 13:47:22] name.INFO: null [] []
[2021-03-02 13:47:26] name.INFO: null [] []
[2021-03-02 13:47:26] name.INFO: null [] []
[2021-03-02 13:48:22] name.INFO: null [] []
[2021-03-02 13:48:23] name.INFO: null [] []
[2021-03-02 13:56:11] name.INFO:  [] []
[2021-03-02 13:56:13] name.INFO:  [] []
[2021-03-02 13:56:13] name.INFO:  [] []
[2021-03-02 13:56:14] name.INFO:  [] []
[2021-03-02 13:56:49] name.INFO:  [] []
[2021-03-02 13:56:49] name.INFO:  [] []
[2021-03-02 13:58:16] name.INFO:  [] []
[2021-03-02 13:58:20] name.INFO:  [] []
[2021-03-02 13:58:21] name.INFO:  [] []
[2021-03-02 13:58:21] name.INFO:  [] []
[2021-03-02 14:01:11] name.INFO:  [] []
[2021-03-02 14:01:11] name.INFO:  [] []
[2021-03-02 14:01:33] name.INFO:  [] []
[2021-03-02 14:02:13] name.INFO: {"id":"42"} [] []
[2021-03-02 14:02:13] name.INFO: [] [] []
[2021-03-02 14:03:25] name.INFO: {"id":"42"} [] []
[2021-03-02 14:03:25] name.INFO: [] [] []
[2021-03-02 14:05:37] name.INFO: null [] []
[2021-03-02 14:05:37] name.INFO: null [] []
